<?xml version="1.0" encoding="UTF-8"?><testrun name="shopping-app" project="shopping-app" tests="6" started="6" failures="0" errors="2" ignored="3">
  <testsuite name="com.vg.shoppingapp.rule.ShoppingCartTest" time="0.005">
    <testcase name="testCase3" classname="com.vg.shoppingapp.rule.ShoppingCartTest" time="0.003"/>
    <testcase name="testCase1" classname="com.vg.shoppingapp.rule.ShoppingCartTest" time="0.001">
      <error>java.lang.ArithmeticException: / by zero&#13;
	at com.vg.shoppingapp.rule.ReducedPricingRule.applyDiscount(ReducedPricingRule.java:30)&#13;
	at com.vg.shoppingapp.service.DiscountProcessor.lambda$0(DiscountProcessor.java:23)&#13;
	at java.util.stream.ReferencePipeline$6$1.accept(ReferencePipeline.java:244)&#13;
	at java.util.ArrayList$ArrayListSpliterator.forEachRemaining(ArrayList.java:1374)&#13;
	at java.util.stream.AbstractPipeline.copyInto(AbstractPipeline.java:481)&#13;
	at java.util.stream.AbstractPipeline.wrapAndCopyInto(AbstractPipeline.java:471)&#13;
	at java.util.stream.ReduceOps$ReduceOp.evaluateSequential(ReduceOps.java:708)&#13;
	at java.util.stream.AbstractPipeline.evaluate(AbstractPipeline.java:234)&#13;
	at java.util.stream.DoublePipeline.collect(DoublePipeline.java:476)&#13;
	at java.util.stream.DoublePipeline.sum(DoublePipeline.java:388)&#13;
	at com.vg.shoppingapp.service.DiscountProcessor.calculateDiscountOnItems(DiscountProcessor.java:24)&#13;
	at com.vg.shoppingapp.service.CheckOutImpl.total(CheckOutImpl.java:52)&#13;
	at com.vg.shoppingapp.rule.ShoppingCartTest.testCase1(ShoppingCartTest.java:54)&#13;
	at sun.reflect.NativeMethodAccessorImpl.invoke0(Native Method)&#13;
	at sun.reflect.NativeMethodAccessorImpl.invoke(NativeMethodAccessorImpl.java:62)&#13;
	at sun.reflect.DelegatingMethodAccessorImpl.invoke(DelegatingMethodAccessorImpl.java:43)&#13;
	at java.lang.reflect.Method.invoke(Method.java:498)&#13;
	at org.junit.runners.model.FrameworkMethod$1.runReflectiveCall(FrameworkMethod.java:44)&#13;
	at org.junit.internal.runners.model.ReflectiveCallable.run(ReflectiveCallable.java:15)&#13;
	at org.junit.runners.model.FrameworkMethod.invokeExplosively(FrameworkMethod.java:41)&#13;
	at org.junit.internal.runners.statements.InvokeMethod.evaluate(InvokeMethod.java:20)&#13;
	at org.junit.internal.runners.statements.RunBefores.evaluate(RunBefores.java:28)&#13;
	at org.junit.internal.runners.statements.RunAfters.evaluate(RunAfters.java:31)&#13;
	at org.junit.runners.BlockJUnit4ClassRunner.runChild(BlockJUnit4ClassRunner.java:73)&#13;
	at org.junit.runners.BlockJUnit4ClassRunner.runChild(BlockJUnit4ClassRunner.java:46)&#13;
	at org.junit.runners.ParentRunner.runChildren(ParentRunner.java:180)&#13;
	at org.junit.runners.ParentRunner.access$000(ParentRunner.java:41)&#13;
	at org.junit.runners.ParentRunner$1.evaluate(ParentRunner.java:173)&#13;
	at org.junit.internal.runners.statements.RunBefores.evaluate(RunBefores.java:28)&#13;
	at org.junit.internal.runners.statements.RunAfters.evaluate(RunAfters.java:31)&#13;
	at org.junit.runners.ParentRunner.run(ParentRunner.java:220)&#13;
	at org.eclipse.jdt.internal.junit4.runner.JUnit4TestReference.run(JUnit4TestReference.java:50)&#13;
	at org.eclipse.jdt.internal.junit.runner.TestExecution.run(TestExecution.java:38)&#13;
	at org.eclipse.jdt.internal.junit.runner.RemoteTestRunner.runTests(RemoteTestRunner.java:459)&#13;
	at org.eclipse.jdt.internal.junit.runner.RemoteTestRunner.runTests(RemoteTestRunner.java:675)&#13;
	at org.eclipse.jdt.internal.junit.runner.RemoteTestRunner.run(RemoteTestRunner.java:382)&#13;
	at org.eclipse.jdt.internal.junit.runner.RemoteTestRunner.main(RemoteTestRunner.java:192)&#13;
&#13;
</error>
    </testcase>
    <testcase name="testCase2" classname="com.vg.shoppingapp.rule.ShoppingCartTest" time="0.001">
      <error>java.lang.ArithmeticException: / by zero&#13;
	at com.vg.shoppingapp.rule.ReducedPricingRule.applyDiscount(ReducedPricingRule.java:30)&#13;
	at com.vg.shoppingapp.service.DiscountProcessor.lambda$0(DiscountProcessor.java:23)&#13;
	at java.util.stream.ReferencePipeline$6$1.accept(ReferencePipeline.java:244)&#13;
	at java.util.ArrayList$ArrayListSpliterator.forEachRemaining(ArrayList.java:1374)&#13;
	at java.util.stream.AbstractPipeline.copyInto(AbstractPipeline.java:481)&#13;
	at java.util.stream.AbstractPipeline.wrapAndCopyInto(AbstractPipeline.java:471)&#13;
	at java.util.stream.ReduceOps$ReduceOp.evaluateSequential(ReduceOps.java:708)&#13;
	at java.util.stream.AbstractPipeline.evaluate(AbstractPipeline.java:234)&#13;
	at java.util.stream.DoublePipeline.collect(DoublePipeline.java:476)&#13;
	at java.util.stream.DoublePipeline.sum(DoublePipeline.java:388)&#13;
	at com.vg.shoppingapp.service.DiscountProcessor.calculateDiscountOnItems(DiscountProcessor.java:24)&#13;
	at com.vg.shoppingapp.service.CheckOutImpl.total(CheckOutImpl.java:52)&#13;
	at com.vg.shoppingapp.rule.ShoppingCartTest.testCase2(ShoppingCartTest.java:74)&#13;
	at sun.reflect.NativeMethodAccessorImpl.invoke0(Native Method)&#13;
	at sun.reflect.NativeMethodAccessorImpl.invoke(NativeMethodAccessorImpl.java:62)&#13;
	at sun.reflect.DelegatingMethodAccessorImpl.invoke(DelegatingMethodAccessorImpl.java:43)&#13;
	at java.lang.reflect.Method.invoke(Method.java:498)&#13;
	at org.junit.runners.model.FrameworkMethod$1.runReflectiveCall(FrameworkMethod.java:44)&#13;
	at org.junit.internal.runners.model.ReflectiveCallable.run(ReflectiveCallable.java:15)&#13;
	at org.junit.runners.model.FrameworkMethod.invokeExplosively(FrameworkMethod.java:41)&#13;
	at org.junit.internal.runners.statements.InvokeMethod.evaluate(InvokeMethod.java:20)&#13;
	at org.junit.internal.runners.statements.RunBefores.evaluate(RunBefores.java:28)&#13;
	at org.junit.internal.runners.statements.RunAfters.evaluate(RunAfters.java:31)&#13;
	at org.junit.runners.BlockJUnit4ClassRunner.runChild(BlockJUnit4ClassRunner.java:73)&#13;
	at org.junit.runners.BlockJUnit4ClassRunner.runChild(BlockJUnit4ClassRunner.java:46)&#13;
	at org.junit.runners.ParentRunner.runChildren(ParentRunner.java:180)&#13;
	at org.junit.runners.ParentRunner.access$000(ParentRunner.java:41)&#13;
	at org.junit.runners.ParentRunner$1.evaluate(ParentRunner.java:173)&#13;
	at org.junit.internal.runners.statements.RunBefores.evaluate(RunBefores.java:28)&#13;
	at org.junit.internal.runners.statements.RunAfters.evaluate(RunAfters.java:31)&#13;
	at org.junit.runners.ParentRunner.run(ParentRunner.java:220)&#13;
	at org.eclipse.jdt.internal.junit4.runner.JUnit4TestReference.run(JUnit4TestReference.java:50)&#13;
	at org.eclipse.jdt.internal.junit.runner.TestExecution.run(TestExecution.java:38)&#13;
	at org.eclipse.jdt.internal.junit.runner.RemoteTestRunner.runTests(RemoteTestRunner.java:459)&#13;
	at org.eclipse.jdt.internal.junit.runner.RemoteTestRunner.runTests(RemoteTestRunner.java:675)&#13;
	at org.eclipse.jdt.internal.junit.runner.RemoteTestRunner.run(RemoteTestRunner.java:382)&#13;
	at org.eclipse.jdt.internal.junit.runner.RemoteTestRunner.main(RemoteTestRunner.java:192)&#13;
&#13;
</error>
    </testcase>
  </testsuite>
  <testcase name="com.vg.shoppingapp.service.DiscountProcessorTest" classname="com.vg.shoppingapp.service.DiscountProcessorTest" time="0.0" ignored="true"/>
  <testcase name="com.vg.shoppingapp.service.CheckOutImplTest" classname="com.vg.shoppingapp.service.CheckOutImplTest" time="0.0" ignored="true"/>
  <testcase name="com.vg.shoppingapp.rule.TestRules" classname="com.vg.shoppingapp.rule.TestRules" time="0.0" ignored="true"/>
</testrun>
